0 info it worked if it ends with ok
1 verbose cli [ 'nodejs', '/usr/bin/npm', 'publish' ]
2 info using npm@1.1.63
3 info using node@v0.8.12
4 verbose publish [ '.' ]
5 verbose read json /home/bpostlet/programming/node/printArray/package.json
6 verbose cache add [ '.', null ]
7 silly cache add name=undefined spec="." args=[".",null]
8 verbose parsed url { pathname: '.', path: '.', href: '.' }
9 silly lockFile 3a52ce78- .
10 verbose lock . /home/bpostlet/.npm/3a52ce78-.lock
11 verbose read json package.json
12 verbose tar pack [ '/home/bpostlet/tmp/npm-24141/1351665359147-0.5421642707660794/tmp.tgz',
12 verbose tar pack   '.' ]
13 verbose tarball /home/bpostlet/tmp/npm-24141/1351665359147-0.5421642707660794/tmp.tgz
14 verbose folder .
15 info prepublish printArray@0.1.0
16 silly lockFile 22ed7548-59147-0-5421642707660794-tmp-tgz /home/bpostlet/tmp/npm-24141/1351665359147-0.5421642707660794/tmp.tgz
17 verbose lock /home/bpostlet/tmp/npm-24141/1351665359147-0.5421642707660794/tmp.tgz /home/bpostlet/.npm/22ed7548-59147-0-5421642707660794-tmp-tgz.lock
18 silly lockFile 22ed7548-59147-0-5421642707660794-tmp-tgz /home/bpostlet/tmp/npm-24141/1351665359147-0.5421642707660794/tmp.tgz
19 verbose tar unpack /home/bpostlet/tmp/npm-24141/1351665359147-0.5421642707660794/tmp.tgz
20 silly lockFile 5cc1c14e-59147-0-5421642707660794-package /home/bpostlet/tmp/npm-24141/1351665359147-0.5421642707660794/package
21 verbose lock /home/bpostlet/tmp/npm-24141/1351665359147-0.5421642707660794/package /home/bpostlet/.npm/5cc1c14e-59147-0-5421642707660794-package.lock
22 silly gunzTarPerm modes [ '755', '644' ]
23 silly gunzTarPerm extractEntry package.json
24 silly gunzTarPerm modified mode [ 'package.json', 436, 420 ]
25 silly gunzTarPerm extractEntry README.md
26 silly gunzTarPerm modified mode [ 'README.md', 436, 420 ]
27 silly gunzTarPerm extractEntry printArray.js
28 silly gunzTarPerm modified mode [ 'printArray.js', 436, 420 ]
29 silly gunzTarPerm extractEntry examples/simplePrints.js
30 silly gunzTarPerm modified mode [ 'examples/simplePrints.js', 436, 420 ]
31 verbose read json /home/bpostlet/tmp/npm-24141/1351665359147-0.5421642707660794/package/package.json
32 silly lockFile 5cc1c14e-59147-0-5421642707660794-package /home/bpostlet/tmp/npm-24141/1351665359147-0.5421642707660794/package
33 verbose from cache /home/bpostlet/tmp/npm-24141/1351665359147-0.5421642707660794/package/package.json
34 verbose tar pack [ '/home/bpostlet/.npm/printArray/0.1.0/package.tgz',
34 verbose tar pack   '/home/bpostlet/tmp/npm-24141/1351665359147-0.5421642707660794/package' ]
35 verbose tarball /home/bpostlet/.npm/printArray/0.1.0/package.tgz
36 verbose folder /home/bpostlet/tmp/npm-24141/1351665359147-0.5421642707660794/package
37 silly lockFile d9e93401-npm-printArray-0-1-0-package-tgz /home/bpostlet/.npm/printArray/0.1.0/package.tgz
38 verbose lock /home/bpostlet/.npm/printArray/0.1.0/package.tgz /home/bpostlet/.npm/d9e93401-npm-printArray-0-1-0-package-tgz.lock
39 silly lockFile d9e93401-npm-printArray-0-1-0-package-tgz /home/bpostlet/.npm/printArray/0.1.0/package.tgz
40 silly lockFile 6a0fe5f2-let-npm-printArray-0-1-0-package /home/bpostlet/.npm/printArray/0.1.0/package
41 verbose lock /home/bpostlet/.npm/printArray/0.1.0/package /home/bpostlet/.npm/6a0fe5f2-let-npm-printArray-0-1-0-package.lock
42 silly lockFile 6a0fe5f2-let-npm-printArray-0-1-0-package /home/bpostlet/.npm/printArray/0.1.0/package
43 verbose tar unpack /home/bpostlet/.npm/printArray/0.1.0/package.tgz
44 silly lockFile 6a0fe5f2-let-npm-printArray-0-1-0-package /home/bpostlet/.npm/printArray/0.1.0/package
45 verbose lock /home/bpostlet/.npm/printArray/0.1.0/package /home/bpostlet/.npm/6a0fe5f2-let-npm-printArray-0-1-0-package.lock
46 silly gunzTarPerm modes [ '755', '644' ]
47 silly gunzTarPerm extractEntry package.json
48 silly gunzTarPerm extractEntry README.md
49 silly gunzTarPerm extractEntry printArray.js
50 silly gunzTarPerm extractEntry examples/simplePrints.js
51 verbose read json /home/bpostlet/.npm/printArray/0.1.0/package/package.json
52 silly lockFile 6a0fe5f2-let-npm-printArray-0-1-0-package /home/bpostlet/.npm/printArray/0.1.0/package
53 silly shasum updated bytes 2255
54 info shasum 4a926aaa28e249388e36117c5f1eedf2d8f23aba
54 info shasum /home/bpostlet/.npm/printArray/0.1.0/package.tgz
55 verbose from cache /home/bpostlet/.npm/printArray/0.1.0/package/package.json
56 verbose chmod /home/bpostlet/.npm/printArray/0.1.0/package.tgz 644
57 verbose chown /home/bpostlet/.npm/printArray/0.1.0/package.tgz [ 1001, 1001 ]
58 silly lockFile 3a52ce78- .
59 silly publish { name: 'printArray',
59 silly publish   version: '0.1.0',
59 silly publish   description: 'prints javascript arrays with easy 1D, 2D and rebroadcast API',
59 silly publish   main: 'printArray.js',
59 silly publish   directories: { example: 'examples' },
59 silly publish   scripts: { test: 'echo "Error: no test specified" && exit 1' },
59 silly publish   repository:
59 silly publish    { type: 'git',
59 silly publish      url: 'https://github.com/bpostlethwaite/printArray.git' },
59 silly publish   keywords: [ 'print', 'array', 'numerical', 'display', '2D', '1D', '' ],
59 silly publish   author: { name: 'Ben Postlethwaite' },
59 silly publish   license: 'MIT',
59 silly publish   readme: '# printArray\n\nA quick implementation to visualize arrays for prototyping and development. Right now it works only for 1D and 2D arrays.\n\n## How to use\n\nThe API is simple, just `aprint(array, numOfDigits, [shapex, shapey])`.\nLeaving out [shapex, shapey] will print 1D row vectors if array is 1D or\n2D arrays if array is 2D. Default number of digits is 5 if `numOfDigits` is left out.\n\n```javascript\n\nvar aprint = require(\'../printArray\')\n\n//////////////////////////////////////////////////\nvar ex = "Example 1: Vectors printed as vector"\nvar dum = [2, 3, 4, 5, 6, 7, 7, 8, 9, 10 ,11, 12].map(Math.sqrt)\nshow(ex)\naprint(dum)\n//////////////////////////////////////////////////\nvar digits = 8\nex = "Example 2: 1D array printed as nxm array"\nshow(ex)\naprint(dum, digits, [4, 3])\n//////////////////////////////////////////////////\nex = "Example 3: 1D array printed as mxn array"\nshow(ex)\naprint(dum, digits, [3, 4])\n//////////////////////////////////////////////////\nex = "Example 4: 2D array printed as 2D array"\ndigits = 4\nvar dum2 = [\n  [1, 2, 3, 4, 5, 6]\n, [2, 3, 4, 5, 6, 7]\n, [3, 4, 5, 6, 7, 8]\n, [4, 5, 6, 7, 8, 9]\n]\nshow(ex)\naprint(dum2, digits)\n//////////////////////////////////////////////////\nex = "Example 5: 2D array printed row-wise as 1D row vector"\nshow(ex)\naprint(dum2, digits, [24, 1])\n//////////////////////////////////////////////////\nex = "Example 6: 2D array printed as column vector"\nshow(ex)\naprint(dum2, digits, [1, 24])\n//////////////////////////////////////////////////\nex = "Example 7: 2D array broadcast into different shape"\nshow(ex)\naprint(dum2, digits, [6, 4])\n//////////////////////////////////////////////////\nex = "Example 8: Default handling of negative numbers with extra spacing"\ndum2 = map2(dum2, Math.cos)\nshow(ex)\naprint(dum2, digits, [6, 4])\n//////////////////////////////////////////////////\nex = "Example 9: 2D array broadcast as wrong dimensions"\nshow(ex)\ntry {\n  aprint(dum2, digits, [3, 7])\n  } catch (err) {\n    console.log(\'Error: wrong dimensions\')\n  }\n\n// Helper funcs //////////////////////////////////\nfunction show(ex) {\n  console.log("----------------------")\n  console.log(ex)\n  console.log()\n}\n\nfunction map2(array2D, func) {\n  var i, result = []\n  for(i = 0; i < array2D.length; i++)\n    result[i] = array2D[i].map(func)\n  return result\n}\n\n```\nwhich outputs\n```bash\n\n----------------------\nExample 1: Vectors printed as vector\n\n1.414 1.732 2.000 2.236 2.449 2.645 2.645 2.828 3.000 3.162 3.316 3.464\n----------------------\nExample 2: 1D array printed as nxm array\n\n1.414213 1.732050 2.000000\n2.236068 2.449489 2.645751\n2.645751 2.828427 3.000000\n3.162277 3.316624 3.464101\n----------------------\nExample 3: 1D array printed as mxn array\n\n1.414213 1.732050 2.000000 2.236068\n2.449489 2.645751 2.645751 2.828427\n3.000000 3.162277 3.316624 3.464101\n----------------------\nExample 4: 2D array printed as 2D array\n\n1.00 2.00 3.00 4.00 5.00 6.00\n2.00 3.00 4.00 5.00 6.00 7.00\n3.00 4.00 5.00 6.00 7.00 8.00\n4.00 5.00 6.00 7.00 8.00 9.00\n----------------------\nExample 5: 2D array printed row-wise as 1D row vector\n\n1.00\n2.00\n3.00\n4.00\n5.00\n6.00\n2.00\n3.00\n4.00\n5.00\n6.00\n7.00\n3.00\n4.00\n5.00\n6.00\n7.00\n8.00\n4.00\n5.00\n6.00\n7.00\n8.00\n9.00\n----------------------\nExample 6: 2D array printed as column vector\n\n1.00 2.00 3.00 4.00 5.00 6.00 2.00 3.00 4.00 5.00 6.00 7.00 3.00 4.00 5.00 6.00 7.00 8.00 4.00 5.00 6.00 7.00 8.00 9.00\n----------------------\nExample 7: 2D array broadcast into different shape\n\n1.00 2.00 3.00 4.00\n5.00 6.00 2.00 3.00\n4.00 5.00 6.00 7.00\n3.00 4.00 5.00 6.00\n7.00 8.00 4.00 5.00\n6.00 7.00 8.00 9.00\n----------------------\nExample 8: Default handling of negative numbers with extra spacing\n\n 0.54 -0.41 -0.98 -0.65\n 0.28  0.96 -0.41 -0.98\n-0.65  0.28  0.96  0.75\n-0.98 -0.65  0.28  0.96\n 0.75 -0.14 -0.65  0.28\n 0.96  0.75 -0.14 -0.91\n----------------------\nExample 9: 2D array broadcast as wrong dimensions\n\nError: wrong dimensions\n\n\n```\n\n',
59 silly publish   _id: 'printArray@0.1.0',
59 silly publish   dist: { shasum: '4a926aaa28e249388e36117c5f1eedf2d8f23aba' } }
60 verbose url raw printArray
61 verbose url resolving [ 'https://registry.npmjs.org/', './printArray' ]
62 verbose url resolved https://registry.npmjs.org/printArray
63 info trying registry request attempt 1 at 23:35:59
64 http PUT https://registry.npmjs.org/printArray
65 http 403 https://registry.npmjs.org/printArray
66 error publish Failed PUT response 403
67 error Error: forbidden New packages must have all-lowercase names: printArray
67 error     at RegClient.<anonymous> (/usr/lib/nodejs/npm/node_modules/npm-registry-client/lib/request.js:259:14)
67 error     at Request.init.self.callback (/usr/lib/nodejs/npm/node_modules/request/main.js:120:22)
67 error     at Request.EventEmitter.emit (events.js:96:17)
67 error     at Request.<anonymous> (/usr/lib/nodejs/npm/node_modules/request/main.js:648:16)
67 error     at Request.EventEmitter.emit (events.js:123:20)
67 error     at IncomingMessage.Request.start.self.req.self.httpModule.request.buffer (/usr/lib/nodejs/npm/node_modules/request/main.js:610:14)
67 error     at IncomingMessage.EventEmitter.emit (events.js:123:20)
67 error     at IncomingMessage._emitEnd (http.js:366:10)
67 error     at HTTPParser.parserOnMessageComplete [as onMessageComplete] (http.js:149:23)
67 error     at CleartextStream.socketOnData [as ondata] (http.js:1367:20)
68 error If you need help, you may report this log at:
68 error     <http://github.com/isaacs/npm/issues>
68 error or email it to:
68 error     <npm-@googlegroups.com>
69 error System Linux 3.2.0-32-generic
70 error command "nodejs" "/usr/bin/npm" "publish"
71 error cwd /home/bpostlet/programming/node/printArray
72 error node -v v0.8.12
73 error npm -v 1.1.63
74 verbose exit [ 1, true ]
